"Severity","ThreadID","Date","Time","Application","Message"
"Information","main","02/26/21","17:34:46","","/Users/ajwietechaii/Desktop/ColdFusion/cfusion/logs/server.log initialized"
"Information","main","02/26/21","17:34:46","","Starting logging..."
"Information","main","02/26/21","17:34:46","","Starting license..."
"Information","main","02/26/21","17:34:47","","Developer Edition enabled"
"Information","main","02/26/21","17:34:47","","Starting crypto..."
"Information","main","02/26/21","17:34:48","","Installed JSafe JCE provider: Version 6.21 Crypto-J 6.2.1, EMC Corporation. JsafeJCE Security Provider (implements RSA, DSA, ECDSA, Diffie-Hellman, ECDH, AES, DES, Triple DES, DESX, RC2, RC4, RC5, PBE, MD2, MD5, RIPEMD160, SHA1, SHA224, SHA256, SHA384, SHA512, HMAC-MD5, HMAC-RIPEMD160, HMAC-SHA1, HMAC-SHA224, HMAC-SHA256, HMAC-SHA384, HMAC-SHA512, HMACDRBG, HASHDRBG, CTRDRBG, FIPS186PRNG, SHA1PRNG, MD5PRNG; RFC 3394, RFC 5649 AES Key Wrap; X.509 CertificateFactory; PKCS12, PKCS15 KeyStore; X.509V1, PKIX, PKIX-SuiteB, PKIX-SuiteBTLS CertPathValidators; X.509V1, PKIX, PKIX-SuiteB, PKIX-SuiteBTLS CertPathBuilders; LDAP, Collection CertStores)"
"Information","main","02/26/21","17:34:48","","Starting security..."
"Information","main","02/26/21","17:34:48","","Starting scheduler..."
"Information","main","02/26/21","17:34:48","","Starting WatchService..."
"Information","main","02/26/21","17:34:48","","Starting sql..."
"Information","main","02/26/21","17:34:48","","Starting runtime..."
"Information","main","02/26/21","17:34:49","","Starting client..."
"Information","main","02/26/21","17:34:49","","Starting archive..."
"Information","main","02/26/21","17:34:49","","Starting CloudConfig..."
"Information","main","02/26/21","17:34:49","","Starting VendorCredential..."
"Information","main","02/26/21","17:34:49","","Starting rest..."
"Information","main","02/26/21","17:34:49","","Starting registry..."
"Information","main","02/26/21","17:34:49","","Package adminapi started..."
"Information","main","02/26/21","17:34:49","","Package administrator started..."
"Information","main","02/26/21","17:34:49","","redissessionstorage package will not be deployed as it is not installed."
"Information","main","02/26/21","17:34:49","","debugger package will not be deployed as it is not installed."
"Information","main","02/26/21","17:34:49","","zip package will not be deployed as it is not installed."
"Information","main","02/26/21","17:34:49","","image package will not be deployed as it is not installed."
"Information","main","02/26/21","17:34:49","","caching package will not be deployed as it is not installed."
"Information","main","02/26/21","17:34:49","","cfmongodb package will not be deployed as it is not installed."
"Information","main","02/26/21","17:34:49","","mail package will not be deployed as it is not installed."
"Information","main","02/26/21","17:34:49","","spreadsheet package will not be deployed as it is not installed."
"Information","main","02/26/21","17:34:49","","axis package will not be deployed as it is not installed."
"Information","main","02/26/21","17:34:49","","chart package will not be deployed as it is not installed."
"Information","main","02/26/21","17:34:49","","feed package will not be deployed as it is not installed."
"Information","main","02/26/21","17:34:49","","print package will not be deployed as it is not installed."
"Information","main","02/26/21","17:34:49","","search package will not be deployed as it is not installed."
"Information","main","02/26/21","17:34:49","","document package will not be deployed as it is not installed."
"Information","main","02/26/21","17:34:49","","presentation package will not be deployed as it is not installed."
"Information","main","02/26/21","17:34:49","","eventgateways package will not be deployed as it is not installed."
"Information","main","02/26/21","17:34:49","","dotnet package will not be deployed as it is not installed."
"Information","main","02/26/21","17:34:49","","pmtagent package will not be deployed as it is not installed."
"Information","main","02/26/21","17:34:49","","htmltopdf package will not be deployed as it is not installed."
"Information","main","02/26/21","17:34:49","","awslambda package will not be deployed as it is not installed."
"Information","main","02/26/21","17:34:49","","com package will not be deployed as it is not installed."
"Information","main","02/26/21","17:34:49","","saml package will not be deployed as it is not installed."
"Information","main","02/26/21","17:34:49","","awss3 package will not be deployed as it is not installed."
"Information","main","02/26/21","17:34:49","","awss3legacy package will not be deployed as it is not installed."
"Information","main","02/26/21","17:34:49","","azureblob package will not be deployed as it is not installed."
"Information","main","02/26/21","17:34:49","","pdf package will not be deployed as it is not installed."
"Information","main","02/26/21","17:34:49","","websocket package will not be deployed as it is not installed."
"Information","main","02/26/21","17:34:49","","orm package will not be deployed as it is not installed."
"Information","main","02/26/21","17:34:49","","ormsearch package will not be deployed as it is not installed."
"Information","main","02/26/21","17:34:49","","ajax package will not be deployed as it is not installed."
"Information","main","02/26/21","17:34:49","","derby package will not be deployed as it is not installed."
"Information","main","02/26/21","17:34:49","","oracle package will not be deployed as it is not installed."
"Information","main","02/26/21","17:34:49","","mysql package will not be deployed as it is not installed."
"Information","main","02/26/21","17:34:49","","db2 package will not be deployed as it is not installed."
"Information","main","02/26/21","17:34:49","","sybase package will not be deployed as it is not installed."
"Information","main","02/26/21","17:34:49","","postgresql package will not be deployed as it is not installed."
"Information","main","02/26/21","17:34:49","","sqlserver package will not be deployed as it is not installed."
"Information","main","02/26/21","17:34:49","","odbc package will not be deployed as it is not installed."
"Information","main","02/26/21","17:34:49","","scheduler package will not be deployed as it is not installed."
"Information","main","02/26/21","17:34:49","","ftp package will not be deployed as it is not installed."
"Information","main","02/26/21","17:34:49","","awssqs package will not be deployed as it is not installed."
"Information","main","02/26/21","17:34:49","","awssns package will not be deployed as it is not installed."
"Information","main","02/26/21","17:34:49","","azureservicebus package will not be deployed as it is not installed."
"Information","main","02/26/21","17:34:49","","awsdynamodb package will not be deployed as it is not installed."
"Information","main","02/26/21","17:34:49","","report package will not be deployed as it is not installed."
"Information","main","02/26/21","17:34:49","","exchange package will not be deployed as it is not installed."
"Information","main","02/26/21","17:34:49","","sharepoint package will not be deployed as it is not installed."
"Information","main","02/26/21","17:34:49","","ColdFusion started"
"Information","main","02/26/21","17:34:49","","ColdFusion: application services are now available"
"Information","http-nio-8500-exec-1","02/26/21","17:35:20","","Initialize client.properties file"
"Information","Thread-10","02/27/21","13:51:21","","ColdFusion stopped"
"Information","main","02/27/21","13:51:33","","Starting logging..."
"Information","main","02/27/21","13:51:33","","Starting license..."
"Information","main","02/27/21","13:51:34","","Developer Edition enabled"
"Information","main","02/27/21","13:51:34","","Starting crypto..."
"Information","main","02/27/21","13:51:34","","Installed JSafe JCE provider: Version 6.21 Crypto-J 6.2.1, EMC Corporation. JsafeJCE Security Provider (implements RSA, DSA, ECDSA, Diffie-Hellman, ECDH, AES, DES, Triple DES, DESX, RC2, RC4, RC5, PBE, MD2, MD5, RIPEMD160, SHA1, SHA224, SHA256, SHA384, SHA512, HMAC-MD5, HMAC-RIPEMD160, HMAC-SHA1, HMAC-SHA224, HMAC-SHA256, HMAC-SHA384, HMAC-SHA512, HMACDRBG, HASHDRBG, CTRDRBG, FIPS186PRNG, SHA1PRNG, MD5PRNG; RFC 3394, RFC 5649 AES Key Wrap; X.509 CertificateFactory; PKCS12, PKCS15 KeyStore; X.509V1, PKIX, PKIX-SuiteB, PKIX-SuiteBTLS CertPathValidators; X.509V1, PKIX, PKIX-SuiteB, PKIX-SuiteBTLS CertPathBuilders; LDAP, Collection CertStores)"
"Information","main","02/27/21","13:51:34","","Starting security..."
"Information","main","02/27/21","13:51:34","","Starting scheduler..."
"Information","main","02/27/21","13:51:35","","Starting WatchService..."
"Information","main","02/27/21","13:51:35","","Starting sql..."
"Information","main","02/27/21","13:51:35","","Starting runtime..."
"Information","main","02/27/21","13:51:35","","Starting client..."
"Information","main","02/27/21","13:51:35","","Starting archive..."
"Information","main","02/27/21","13:51:35","","Starting CloudConfig..."
"Information","main","02/27/21","13:51:35","","Starting VendorCredential..."
"Information","main","02/27/21","13:51:35","","Starting rest..."
"Information","main","02/27/21","13:51:36","","Starting registry..."
"Information","main","02/27/21","13:51:36","","Package adminapi started..."
"Information","main","02/27/21","13:51:36","","Package administrator started..."
"Information","main","02/27/21","13:51:36","","redissessionstorage package will not be deployed as it is not installed."
"Information","main","02/27/21","13:51:36","","debugger package will not be deployed as it is not installed."
"Information","main","02/27/21","13:51:36","","zip package will not be deployed as it is not installed."
"Information","main","02/27/21","13:51:36","","image package will not be deployed as it is not installed."
"Information","main","02/27/21","13:51:36","","caching package will not be deployed as it is not installed."
"Information","main","02/27/21","13:51:36","","cfmongodb package will not be deployed as it is not installed."
"Information","main","02/27/21","13:51:36","","mail package will not be deployed as it is not installed."
"Information","main","02/27/21","13:51:36","","spreadsheet package will not be deployed as it is not installed."
"Information","main","02/27/21","13:51:36","","axis package will not be deployed as it is not installed."
"Information","main","02/27/21","13:51:36","","chart package will not be deployed as it is not installed."
"Information","main","02/27/21","13:51:36","","feed package will not be deployed as it is not installed."
"Information","main","02/27/21","13:51:36","","print package will not be deployed as it is not installed."
"Information","main","02/27/21","13:51:36","","search package will not be deployed as it is not installed."
"Information","main","02/27/21","13:51:36","","document package will not be deployed as it is not installed."
"Information","main","02/27/21","13:51:36","","presentation package will not be deployed as it is not installed."
"Information","main","02/27/21","13:51:36","","eventgateways package will not be deployed as it is not installed."
"Information","main","02/27/21","13:51:36","","dotnet package will not be deployed as it is not installed."
"Information","main","02/27/21","13:51:36","","pmtagent package will not be deployed as it is not installed."
"Information","main","02/27/21","13:51:36","","htmltopdf package will not be deployed as it is not installed."
"Information","main","02/27/21","13:51:36","","awslambda package will not be deployed as it is not installed."
"Information","main","02/27/21","13:51:36","","com package will not be deployed as it is not installed."
"Information","main","02/27/21","13:51:36","","saml package will not be deployed as it is not installed."
"Information","main","02/27/21","13:51:36","","awss3 package will not be deployed as it is not installed."
"Information","main","02/27/21","13:51:36","","awss3legacy package will not be deployed as it is not installed."
"Information","main","02/27/21","13:51:36","","azureblob package will not be deployed as it is not installed."
"Information","main","02/27/21","13:51:36","","pdf package will not be deployed as it is not installed."
"Information","main","02/27/21","13:51:36","","websocket package will not be deployed as it is not installed."
"Information","main","02/27/21","13:51:36","","orm package will not be deployed as it is not installed."
"Information","main","02/27/21","13:51:36","","ormsearch package will not be deployed as it is not installed."
"Information","main","02/27/21","13:51:36","","ajax package will not be deployed as it is not installed."
"Information","main","02/27/21","13:51:36","","derby package will not be deployed as it is not installed."
"Information","main","02/27/21","13:51:36","","oracle package will not be deployed as it is not installed."
"Information","main","02/27/21","13:51:36","","mysql package will not be deployed as it is not installed."
"Information","main","02/27/21","13:51:36","","db2 package will not be deployed as it is not installed."
"Information","main","02/27/21","13:51:36","","sybase package will not be deployed as it is not installed."
"Information","main","02/27/21","13:51:36","","postgresql package will not be deployed as it is not installed."
"Information","main","02/27/21","13:51:36","","sqlserver package will not be deployed as it is not installed."
"Information","main","02/27/21","13:51:36","","odbc package will not be deployed as it is not installed."
"Information","main","02/27/21","13:51:36","","scheduler package will not be deployed as it is not installed."
"Information","main","02/27/21","13:51:36","","ftp package will not be deployed as it is not installed."
"Information","main","02/27/21","13:51:36","","awssqs package will not be deployed as it is not installed."
"Information","main","02/27/21","13:51:36","","awssns package will not be deployed as it is not installed."
"Information","main","02/27/21","13:51:36","","azureservicebus package will not be deployed as it is not installed."
"Information","main","02/27/21","13:51:36","","awsdynamodb package will not be deployed as it is not installed."
"Information","main","02/27/21","13:51:36","","report package will not be deployed as it is not installed."
"Information","main","02/27/21","13:51:36","","exchange package will not be deployed as it is not installed."
"Information","main","02/27/21","13:51:36","","sharepoint package will not be deployed as it is not installed."
"Information","main","02/27/21","13:51:36","","ColdFusion started"
"Information","main","02/27/21","13:51:36","","ColdFusion: application services are now available"
"Information","Thread-10","02/27/21","13:54:19","","ColdFusion stopped"
"Information","main","02/27/21","13:54:31","","Starting logging..."
"Information","main","02/27/21","13:54:31","","Starting license..."
"Information","main","02/27/21","13:54:33","","Developer Edition enabled"
"Information","main","02/27/21","13:54:33","","Starting crypto..."
"Information","main","02/27/21","13:54:33","","Installed JSafe JCE provider: Version 6.21 Crypto-J 6.2.1, EMC Corporation. JsafeJCE Security Provider (implements RSA, DSA, ECDSA, Diffie-Hellman, ECDH, AES, DES, Triple DES, DESX, RC2, RC4, RC5, PBE, MD2, MD5, RIPEMD160, SHA1, SHA224, SHA256, SHA384, SHA512, HMAC-MD5, HMAC-RIPEMD160, HMAC-SHA1, HMAC-SHA224, HMAC-SHA256, HMAC-SHA384, HMAC-SHA512, HMACDRBG, HASHDRBG, CTRDRBG, FIPS186PRNG, SHA1PRNG, MD5PRNG; RFC 3394, RFC 5649 AES Key Wrap; X.509 CertificateFactory; PKCS12, PKCS15 KeyStore; X.509V1, PKIX, PKIX-SuiteB, PKIX-SuiteBTLS CertPathValidators; X.509V1, PKIX, PKIX-SuiteB, PKIX-SuiteBTLS CertPathBuilders; LDAP, Collection CertStores)"
"Information","main","02/27/21","13:54:33","","Starting security..."
"Information","main","02/27/21","13:54:33","","Starting scheduler..."
"Information","main","02/27/21","13:54:33","","Starting WatchService..."
"Information","main","02/27/21","13:54:33","","Starting sql..."
"Information","main","02/27/21","13:54:33","","Starting runtime..."
"Information","main","02/27/21","13:54:34","","Starting client..."
"Information","main","02/27/21","13:54:34","","Starting archive..."
"Information","main","02/27/21","13:54:34","","Starting CloudConfig..."
"Information","main","02/27/21","13:54:34","","Starting VendorCredential..."
"Information","main","02/27/21","13:54:34","","Starting rest..."
"Information","main","02/27/21","13:54:34","","Starting registry..."
"Information","main","02/27/21","13:54:34","","Package adminapi started..."
"Information","main","02/27/21","13:54:34","","Package administrator started..."
"Information","main","02/27/21","13:54:34","","redissessionstorage package will not be deployed as it is not installed."
"Information","main","02/27/21","13:54:34","","debugger package will not be deployed as it is not installed."
"Information","main","02/27/21","13:54:34","","zip package will not be deployed as it is not installed."
"Information","main","02/27/21","13:54:34","","image package will not be deployed as it is not installed."
"Information","main","02/27/21","13:54:34","","caching package will not be deployed as it is not installed."
"Information","main","02/27/21","13:54:34","","cfmongodb package will not be deployed as it is not installed."
"Information","main","02/27/21","13:54:34","","mail package will not be deployed as it is not installed."
"Information","main","02/27/21","13:54:34","","spreadsheet package will not be deployed as it is not installed."
"Information","main","02/27/21","13:54:34","","axis package will not be deployed as it is not installed."
"Information","main","02/27/21","13:54:34","","chart package will not be deployed as it is not installed."
"Information","main","02/27/21","13:54:34","","feed package will not be deployed as it is not installed."
"Information","main","02/27/21","13:54:34","","print package will not be deployed as it is not installed."
"Information","main","02/27/21","13:54:34","","search package will not be deployed as it is not installed."
"Information","main","02/27/21","13:54:34","","document package will not be deployed as it is not installed."
"Information","main","02/27/21","13:54:34","","presentation package will not be deployed as it is not installed."
"Information","main","02/27/21","13:54:34","","eventgateways package will not be deployed as it is not installed."
"Information","main","02/27/21","13:54:34","","dotnet package will not be deployed as it is not installed."
"Information","main","02/27/21","13:54:34","","pmtagent package will not be deployed as it is not installed."
"Information","main","02/27/21","13:54:34","","htmltopdf package will not be deployed as it is not installed."
"Information","main","02/27/21","13:54:34","","awslambda package will not be deployed as it is not installed."
"Information","main","02/27/21","13:54:34","","com package will not be deployed as it is not installed."
"Information","main","02/27/21","13:54:34","","saml package will not be deployed as it is not installed."
"Information","main","02/27/21","13:54:34","","awss3 package will not be deployed as it is not installed."
"Information","main","02/27/21","13:54:34","","awss3legacy package will not be deployed as it is not installed."
"Information","main","02/27/21","13:54:34","","azureblob package will not be deployed as it is not installed."
"Information","main","02/27/21","13:54:34","","pdf package will not be deployed as it is not installed."
"Information","main","02/27/21","13:54:34","","websocket package will not be deployed as it is not installed."
"Information","main","02/27/21","13:54:34","","orm package will not be deployed as it is not installed."
"Information","main","02/27/21","13:54:34","","ormsearch package will not be deployed as it is not installed."
"Information","main","02/27/21","13:54:34","","ajax package will not be deployed as it is not installed."
"Information","main","02/27/21","13:54:34","","derby package will not be deployed as it is not installed."
"Information","main","02/27/21","13:54:34","","oracle package will not be deployed as it is not installed."
"Information","main","02/27/21","13:54:34","","mysql package will not be deployed as it is not installed."
"Information","main","02/27/21","13:54:34","","db2 package will not be deployed as it is not installed."
"Information","main","02/27/21","13:54:34","","sybase package will not be deployed as it is not installed."
"Information","main","02/27/21","13:54:34","","postgresql package will not be deployed as it is not installed."
"Information","main","02/27/21","13:54:34","","sqlserver package will not be deployed as it is not installed."
"Information","main","02/27/21","13:54:34","","odbc package will not be deployed as it is not installed."
"Information","main","02/27/21","13:54:34","","scheduler package will not be deployed as it is not installed."
"Information","main","02/27/21","13:54:34","","ftp package will not be deployed as it is not installed."
"Information","main","02/27/21","13:54:34","","awssqs package will not be deployed as it is not installed."
"Information","main","02/27/21","13:54:34","","awssns package will not be deployed as it is not installed."
"Information","main","02/27/21","13:54:34","","azureservicebus package will not be deployed as it is not installed."
"Information","main","02/27/21","13:54:34","","awsdynamodb package will not be deployed as it is not installed."
"Information","main","02/27/21","13:54:34","","report package will not be deployed as it is not installed."
"Information","main","02/27/21","13:54:34","","exchange package will not be deployed as it is not installed."
"Information","main","02/27/21","13:54:34","","sharepoint package will not be deployed as it is not installed."
"Information","main","02/27/21","13:54:34","","ColdFusion started"
"Information","main","02/27/21","13:54:34","","ColdFusion: application services are now available"
"Information","main","02/27/21","14:13:12","","Starting logging..."
"Information","main","02/27/21","14:13:12","","Starting license..."
"Information","main","02/27/21","14:13:13","","Developer Edition enabled"
"Information","main","02/27/21","14:13:13","","Starting crypto..."
"Information","main","02/27/21","14:13:13","","Installed JSafe JCE provider: Version 6.21 Crypto-J 6.2.1, EMC Corporation. JsafeJCE Security Provider (implements RSA, DSA, ECDSA, Diffie-Hellman, ECDH, AES, DES, Triple DES, DESX, RC2, RC4, RC5, PBE, MD2, MD5, RIPEMD160, SHA1, SHA224, SHA256, SHA384, SHA512, HMAC-MD5, HMAC-RIPEMD160, HMAC-SHA1, HMAC-SHA224, HMAC-SHA256, HMAC-SHA384, HMAC-SHA512, HMACDRBG, HASHDRBG, CTRDRBG, FIPS186PRNG, SHA1PRNG, MD5PRNG; RFC 3394, RFC 5649 AES Key Wrap; X.509 CertificateFactory; PKCS12, PKCS15 KeyStore; X.509V1, PKIX, PKIX-SuiteB, PKIX-SuiteBTLS CertPathValidators; X.509V1, PKIX, PKIX-SuiteB, PKIX-SuiteBTLS CertPathBuilders; LDAP, Collection CertStores)"
"Information","main","02/27/21","14:13:13","","Starting security..."
"Information","main","02/27/21","14:13:13","","Starting scheduler..."
"Information","main","02/27/21","14:13:14","","Starting WatchService..."
"Information","main","02/27/21","14:13:14","","Starting sql..."
"Information","main","02/27/21","14:13:14","","Starting runtime..."
"Information","main","02/27/21","14:13:15","","Starting client..."
"Information","main","02/27/21","14:13:15","","Starting archive..."
"Information","main","02/27/21","14:13:15","","Starting CloudConfig..."
"Information","main","02/27/21","14:13:15","","Starting VendorCredential..."
"Information","main","02/27/21","14:13:15","","Starting rest..."
"Information","main","02/27/21","14:13:15","","Starting registry..."
"Information","main","02/27/21","14:13:15","","Package adminapi started..."
"Information","main","02/27/21","14:13:15","","Package administrator started..."
"Information","main","02/27/21","14:13:15","","redissessionstorage package will not be deployed as it is not installed."
"Information","main","02/27/21","14:13:15","","debugger package will not be deployed as it is not installed."
"Information","main","02/27/21","14:13:15","","zip package will not be deployed as it is not installed."
"Information","main","02/27/21","14:13:15","","image package will not be deployed as it is not installed."
"Information","main","02/27/21","14:13:15","","caching package will not be deployed as it is not installed."
"Information","main","02/27/21","14:13:15","","cfmongodb package will not be deployed as it is not installed."
"Information","main","02/27/21","14:13:15","","mail package will not be deployed as it is not installed."
"Information","main","02/27/21","14:13:15","","spreadsheet package will not be deployed as it is not installed."
"Information","main","02/27/21","14:13:15","","axis package will not be deployed as it is not installed."
"Information","main","02/27/21","14:13:15","","chart package will not be deployed as it is not installed."
"Information","main","02/27/21","14:13:15","","feed package will not be deployed as it is not installed."
"Information","main","02/27/21","14:13:15","","print package will not be deployed as it is not installed."
"Information","main","02/27/21","14:13:15","","search package will not be deployed as it is not installed."
"Information","main","02/27/21","14:13:15","","document package will not be deployed as it is not installed."
"Information","main","02/27/21","14:13:15","","presentation package will not be deployed as it is not installed."
"Information","main","02/27/21","14:13:15","","eventgateways package will not be deployed as it is not installed."
"Information","main","02/27/21","14:13:15","","dotnet package will not be deployed as it is not installed."
"Information","main","02/27/21","14:13:15","","pmtagent package will not be deployed as it is not installed."
"Information","main","02/27/21","14:13:15","","htmltopdf package will not be deployed as it is not installed."
"Information","main","02/27/21","14:13:15","","awslambda package will not be deployed as it is not installed."
"Information","main","02/27/21","14:13:15","","com package will not be deployed as it is not installed."
"Information","main","02/27/21","14:13:15","","saml package will not be deployed as it is not installed."
"Information","main","02/27/21","14:13:15","","awss3 package will not be deployed as it is not installed."
"Information","main","02/27/21","14:13:15","","awss3legacy package will not be deployed as it is not installed."
"Information","main","02/27/21","14:13:15","","azureblob package will not be deployed as it is not installed."
"Information","main","02/27/21","14:13:15","","pdf package will not be deployed as it is not installed."
"Information","main","02/27/21","14:13:15","","websocket package will not be deployed as it is not installed."
"Information","main","02/27/21","14:13:15","","orm package will not be deployed as it is not installed."
"Information","main","02/27/21","14:13:15","","ormsearch package will not be deployed as it is not installed."
"Information","main","02/27/21","14:13:15","","ajax package will not be deployed as it is not installed."
"Information","main","02/27/21","14:13:15","","derby package will not be deployed as it is not installed."
"Information","main","02/27/21","14:13:15","","oracle package will not be deployed as it is not installed."
"Information","main","02/27/21","14:13:15","","mysql package will not be deployed as it is not installed."
"Information","main","02/27/21","14:13:15","","db2 package will not be deployed as it is not installed."
"Information","main","02/27/21","14:13:15","","sybase package will not be deployed as it is not installed."
"Information","main","02/27/21","14:13:15","","postgresql package will not be deployed as it is not installed."
"Information","main","02/27/21","14:13:15","","sqlserver package will not be deployed as it is not installed."
"Information","main","02/27/21","14:13:15","","odbc package will not be deployed as it is not installed."
"Information","main","02/27/21","14:13:15","","scheduler package will not be deployed as it is not installed."
"Information","main","02/27/21","14:13:15","","ftp package will not be deployed as it is not installed."
"Information","main","02/27/21","14:13:15","","awssqs package will not be deployed as it is not installed."
"Information","main","02/27/21","14:13:15","","awssns package will not be deployed as it is not installed."
"Information","main","02/27/21","14:13:15","","azureservicebus package will not be deployed as it is not installed."
"Information","main","02/27/21","14:13:15","","awsdynamodb package will not be deployed as it is not installed."
"Information","main","02/27/21","14:13:15","","report package will not be deployed as it is not installed."
"Information","main","02/27/21","14:13:15","","exchange package will not be deployed as it is not installed."
"Information","main","02/27/21","14:13:15","","sharepoint package will not be deployed as it is not installed."
"Information","main","02/27/21","14:13:15","","ColdFusion started"
"Information","main","02/27/21","14:13:15","","ColdFusion: application services are now available"
"Information","main","03/01/21","14:06:07","","Starting logging..."
"Information","main","03/01/21","14:06:07","","Starting license..."
"Information","main","03/01/21","14:06:08","","Developer Edition enabled"
"Information","main","03/01/21","14:06:09","","Starting crypto..."
"Information","main","03/01/21","14:06:09","","Installed JSafe JCE provider: Version 6.21 Crypto-J 6.2.1, EMC Corporation. JsafeJCE Security Provider (implements RSA, DSA, ECDSA, Diffie-Hellman, ECDH, AES, DES, Triple DES, DESX, RC2, RC4, RC5, PBE, MD2, MD5, RIPEMD160, SHA1, SHA224, SHA256, SHA384, SHA512, HMAC-MD5, HMAC-RIPEMD160, HMAC-SHA1, HMAC-SHA224, HMAC-SHA256, HMAC-SHA384, HMAC-SHA512, HMACDRBG, HASHDRBG, CTRDRBG, FIPS186PRNG, SHA1PRNG, MD5PRNG; RFC 3394, RFC 5649 AES Key Wrap; X.509 CertificateFactory; PKCS12, PKCS15 KeyStore; X.509V1, PKIX, PKIX-SuiteB, PKIX-SuiteBTLS CertPathValidators; X.509V1, PKIX, PKIX-SuiteB, PKIX-SuiteBTLS CertPathBuilders; LDAP, Collection CertStores)"
"Information","main","03/01/21","14:06:09","","Starting security..."
"Information","main","03/01/21","14:06:09","","Starting scheduler..."
"Information","main","03/01/21","14:06:10","","Starting WatchService..."
"Information","main","03/01/21","14:06:10","","Starting sql..."
"Information","main","03/01/21","14:06:10","","Starting runtime..."
"Information","main","03/01/21","14:06:10","","Starting client..."
"Information","main","03/01/21","14:06:10","","Starting archive..."
"Information","main","03/01/21","14:06:10","","Starting CloudConfig..."
"Information","main","03/01/21","14:06:10","","Starting VendorCredential..."
"Information","main","03/01/21","14:06:10","","Starting rest..."
"Information","main","03/01/21","14:06:10","","Starting registry..."
"Information","main","03/01/21","14:06:10","","Package adminapi started..."
"Information","main","03/01/21","14:06:10","","Package administrator started..."
"Information","main","03/01/21","14:06:10","","redissessionstorage package will not be deployed as it is not installed."
"Information","main","03/01/21","14:06:10","","debugger package will not be deployed as it is not installed."
"Information","main","03/01/21","14:06:10","","zip package will not be deployed as it is not installed."
"Information","main","03/01/21","14:06:10","","image package will not be deployed as it is not installed."
"Information","main","03/01/21","14:06:10","","caching package will not be deployed as it is not installed."
"Information","main","03/01/21","14:06:10","","cfmongodb package will not be deployed as it is not installed."
"Information","main","03/01/21","14:06:10","","mail package will not be deployed as it is not installed."
"Information","main","03/01/21","14:06:10","","spreadsheet package will not be deployed as it is not installed."
"Information","main","03/01/21","14:06:10","","axis package will not be deployed as it is not installed."
"Information","main","03/01/21","14:06:10","","chart package will not be deployed as it is not installed."
"Information","main","03/01/21","14:06:10","","feed package will not be deployed as it is not installed."
"Information","main","03/01/21","14:06:10","","print package will not be deployed as it is not installed."
"Information","main","03/01/21","14:06:10","","search package will not be deployed as it is not installed."
"Information","main","03/01/21","14:06:10","","document package will not be deployed as it is not installed."
"Information","main","03/01/21","14:06:10","","presentation package will not be deployed as it is not installed."
"Information","main","03/01/21","14:06:10","","eventgateways package will not be deployed as it is not installed."
"Information","main","03/01/21","14:06:10","","dotnet package will not be deployed as it is not installed."
"Information","main","03/01/21","14:06:10","","pmtagent package will not be deployed as it is not installed."
"Information","main","03/01/21","14:06:10","","htmltopdf package will not be deployed as it is not installed."
"Information","main","03/01/21","14:06:10","","awslambda package will not be deployed as it is not installed."
"Information","main","03/01/21","14:06:10","","com package will not be deployed as it is not installed."
"Information","main","03/01/21","14:06:10","","saml package will not be deployed as it is not installed."
"Information","main","03/01/21","14:06:10","","awss3 package will not be deployed as it is not installed."
"Information","main","03/01/21","14:06:10","","awss3legacy package will not be deployed as it is not installed."
"Information","main","03/01/21","14:06:10","","azureblob package will not be deployed as it is not installed."
"Information","main","03/01/21","14:06:10","","pdf package will not be deployed as it is not installed."
"Information","main","03/01/21","14:06:10","","websocket package will not be deployed as it is not installed."
"Information","main","03/01/21","14:06:10","","orm package will not be deployed as it is not installed."
"Information","main","03/01/21","14:06:10","","ormsearch package will not be deployed as it is not installed."
"Information","main","03/01/21","14:06:10","","ajax package will not be deployed as it is not installed."
"Information","main","03/01/21","14:06:10","","derby package will not be deployed as it is not installed."
"Information","main","03/01/21","14:06:10","","oracle package will not be deployed as it is not installed."
"Information","main","03/01/21","14:06:10","","mysql package will not be deployed as it is not installed."
"Information","main","03/01/21","14:06:10","","db2 package will not be deployed as it is not installed."
"Information","main","03/01/21","14:06:10","","sybase package will not be deployed as it is not installed."
"Information","main","03/01/21","14:06:10","","postgresql package will not be deployed as it is not installed."
"Information","main","03/01/21","14:06:10","","sqlserver package will not be deployed as it is not installed."
"Information","main","03/01/21","14:06:10","","odbc package will not be deployed as it is not installed."
"Information","main","03/01/21","14:06:10","","scheduler package will not be deployed as it is not installed."
"Information","main","03/01/21","14:06:10","","ftp package will not be deployed as it is not installed."
"Information","main","03/01/21","14:06:10","","awssqs package will not be deployed as it is not installed."
"Information","main","03/01/21","14:06:10","","awssns package will not be deployed as it is not installed."
"Information","main","03/01/21","14:06:10","","azureservicebus package will not be deployed as it is not installed."
"Information","main","03/01/21","14:06:10","","awsdynamodb package will not be deployed as it is not installed."
"Information","main","03/01/21","14:06:10","","report package will not be deployed as it is not installed."
"Information","main","03/01/21","14:06:10","","exchange package will not be deployed as it is not installed."
"Information","main","03/01/21","14:06:10","","sharepoint package will not be deployed as it is not installed."
"Information","main","03/01/21","14:06:10","","ColdFusion started"
"Information","main","03/01/21","14:06:10","","ColdFusion: application services are now available"
"Error","http-nio-8500-exec-9","03/01/21","14:16:28","","The mysql package is not installed. You can install the package through the CLI package manager (/Users/ajwietechaii/Desktop/ColdFusion/cfusion/bin/cfpm.sh) by running the command : install mysql."
"Error","http-nio-8500-exec-9","03/01/21","14:16:28","","The mysql package is not installed. You can install the package through the CLI package manager (/Users/ajwietechaii/Desktop/ColdFusion/cfusion/bin/cfpm.sh) by running the command : install mysql."
"Error","http-nio-8500-exec-10","03/01/21","14:20:27","","Datasource cf-app could not be found. Ensure that you have spelled the name correctly and that the data source is registered in the ColdFusion Administrator Data Sources page."
"Information","Thread-10","03/01/21","14:41:32","","ColdFusion stopped"
"Information","main","03/01/21","14:41:45","","Starting logging..."
"Information","main","03/01/21","14:41:45","","Starting license..."
"Information","main","03/01/21","14:41:46","","Developer Edition enabled"
"Information","main","03/01/21","14:41:46","","Starting crypto..."
"Information","main","03/01/21","14:41:46","","Installed JSafe JCE provider: Version 6.21 Crypto-J 6.2.1, EMC Corporation. JsafeJCE Security Provider (implements RSA, DSA, ECDSA, Diffie-Hellman, ECDH, AES, DES, Triple DES, DESX, RC2, RC4, RC5, PBE, MD2, MD5, RIPEMD160, SHA1, SHA224, SHA256, SHA384, SHA512, HMAC-MD5, HMAC-RIPEMD160, HMAC-SHA1, HMAC-SHA224, HMAC-SHA256, HMAC-SHA384, HMAC-SHA512, HMACDRBG, HASHDRBG, CTRDRBG, FIPS186PRNG, SHA1PRNG, MD5PRNG; RFC 3394, RFC 5649 AES Key Wrap; X.509 CertificateFactory; PKCS12, PKCS15 KeyStore; X.509V1, PKIX, PKIX-SuiteB, PKIX-SuiteBTLS CertPathValidators; X.509V1, PKIX, PKIX-SuiteB, PKIX-SuiteBTLS CertPathBuilders; LDAP, Collection CertStores)"
"Information","main","03/01/21","14:41:46","","Starting security..."
"Information","main","03/01/21","14:41:46","","Starting scheduler..."
"Information","main","03/01/21","14:41:47","","Starting WatchService..."
"Information","main","03/01/21","14:41:47","","Starting sql..."
"Information","main","03/01/21","14:41:47","","Starting runtime..."
"Information","main","03/01/21","14:41:48","","Starting client..."
"Information","main","03/01/21","14:41:48","","Starting archive..."
"Information","main","03/01/21","14:41:48","","Starting CloudConfig..."
"Information","main","03/01/21","14:41:48","","Starting VendorCredential..."
"Information","main","03/01/21","14:41:48","","Starting rest..."
"Information","main","03/01/21","14:41:48","","Starting registry..."
"Information","main","03/01/21","14:41:48","","Package adminapi started..."
"Information","main","03/01/21","14:41:48","","Package administrator started..."
"Information","main","03/01/21","14:41:48","","redissessionstorage package will not be deployed as it is not installed."
"Information","main","03/01/21","14:41:48","","debugger package will not be deployed as it is not installed."
"Information","main","03/01/21","14:41:48","","zip package will not be deployed as it is not installed."
"Information","main","03/01/21","14:41:48","","image package will not be deployed as it is not installed."
"Information","main","03/01/21","14:41:48","","caching package will not be deployed as it is not installed."
"Information","main","03/01/21","14:41:48","","cfmongodb package will not be deployed as it is not installed."
"Information","main","03/01/21","14:41:48","","mail package will not be deployed as it is not installed."
"Information","main","03/01/21","14:41:48","","spreadsheet package will not be deployed as it is not installed."
"Information","main","03/01/21","14:41:48","","axis package will not be deployed as it is not installed."
"Information","main","03/01/21","14:41:48","","chart package will not be deployed as it is not installed."
"Information","main","03/01/21","14:41:48","","feed package will not be deployed as it is not installed."
"Information","main","03/01/21","14:41:48","","print package will not be deployed as it is not installed."
"Information","main","03/01/21","14:41:48","","search package will not be deployed as it is not installed."
"Information","main","03/01/21","14:41:48","","document package will not be deployed as it is not installed."
"Information","main","03/01/21","14:41:48","","presentation package will not be deployed as it is not installed."
"Information","main","03/01/21","14:41:48","","eventgateways package will not be deployed as it is not installed."
"Information","main","03/01/21","14:41:48","","dotnet package will not be deployed as it is not installed."
"Information","main","03/01/21","14:41:48","","pmtagent package will not be deployed as it is not installed."
"Information","main","03/01/21","14:41:48","","htmltopdf package will not be deployed as it is not installed."
"Information","main","03/01/21","14:41:48","","awslambda package will not be deployed as it is not installed."
"Information","main","03/01/21","14:41:48","","com package will not be deployed as it is not installed."
"Information","main","03/01/21","14:41:48","","saml package will not be deployed as it is not installed."
"Information","main","03/01/21","14:41:48","","awss3 package will not be deployed as it is not installed."
"Information","main","03/01/21","14:41:48","","awss3legacy package will not be deployed as it is not installed."
"Information","main","03/01/21","14:41:48","","azureblob package will not be deployed as it is not installed."
"Information","main","03/01/21","14:41:48","","pdf package will not be deployed as it is not installed."
"Information","main","03/01/21","14:41:48","","websocket package will not be deployed as it is not installed."
"Information","main","03/01/21","14:41:48","","orm package will not be deployed as it is not installed."
"Information","main","03/01/21","14:41:48","","ormsearch package will not be deployed as it is not installed."
"Information","main","03/01/21","14:41:48","","ajax package will not be deployed as it is not installed."
"Information","main","03/01/21","14:41:48","","derby package will not be deployed as it is not installed."
"Information","main","03/01/21","14:41:48","","oracle package will not be deployed as it is not installed."
"Information","main","03/01/21","14:41:48","","mysql package will not be deployed as it is not installed."
"Information","main","03/01/21","14:41:48","","db2 package will not be deployed as it is not installed."
"Information","main","03/01/21","14:41:48","","sybase package will not be deployed as it is not installed."
"Information","main","03/01/21","14:41:48","","postgresql package will not be deployed as it is not installed."
"Information","main","03/01/21","14:41:48","","sqlserver package will not be deployed as it is not installed."
"Information","main","03/01/21","14:41:48","","odbc package will not be deployed as it is not installed."
"Information","main","03/01/21","14:41:48","","scheduler package will not be deployed as it is not installed."
"Information","main","03/01/21","14:41:48","","ftp package will not be deployed as it is not installed."
"Information","main","03/01/21","14:41:48","","awssqs package will not be deployed as it is not installed."
"Information","main","03/01/21","14:41:48","","awssns package will not be deployed as it is not installed."
"Information","main","03/01/21","14:41:48","","azureservicebus package will not be deployed as it is not installed."
"Information","main","03/01/21","14:41:48","","awsdynamodb package will not be deployed as it is not installed."
"Information","main","03/01/21","14:41:48","","report package will not be deployed as it is not installed."
"Information","main","03/01/21","14:41:48","","exchange package will not be deployed as it is not installed."
"Information","main","03/01/21","14:41:48","","sharepoint package will not be deployed as it is not installed."
"Information","main","03/01/21","14:41:48","","ColdFusion started"
"Information","main","03/01/21","14:41:48","","ColdFusion: application services are now available"
"Information","Thread-10","03/01/21","16:40:55","","ColdFusion stopped"
"Information","main","03/01/21","16:41:08","","Starting logging..."
"Information","main","03/01/21","16:41:08","","Starting license..."
"Information","main","03/01/21","16:41:09","","Developer Edition enabled"
"Information","main","03/01/21","16:41:10","","Starting crypto..."
"Information","main","03/01/21","16:41:10","","Installed JSafe JCE provider: Version 6.21 Crypto-J 6.2.1, EMC Corporation. JsafeJCE Security Provider (implements RSA, DSA, ECDSA, Diffie-Hellman, ECDH, AES, DES, Triple DES, DESX, RC2, RC4, RC5, PBE, MD2, MD5, RIPEMD160, SHA1, SHA224, SHA256, SHA384, SHA512, HMAC-MD5, HMAC-RIPEMD160, HMAC-SHA1, HMAC-SHA224, HMAC-SHA256, HMAC-SHA384, HMAC-SHA512, HMACDRBG, HASHDRBG, CTRDRBG, FIPS186PRNG, SHA1PRNG, MD5PRNG; RFC 3394, RFC 5649 AES Key Wrap; X.509 CertificateFactory; PKCS12, PKCS15 KeyStore; X.509V1, PKIX, PKIX-SuiteB, PKIX-SuiteBTLS CertPathValidators; X.509V1, PKIX, PKIX-SuiteB, PKIX-SuiteBTLS CertPathBuilders; LDAP, Collection CertStores)"
"Information","main","03/01/21","16:41:10","","Starting security..."
"Information","main","03/01/21","16:41:10","","Starting scheduler..."
"Information","main","03/01/21","16:41:11","","Starting WatchService..."
"Information","main","03/01/21","16:41:11","","Starting sql..."
"Information","main","03/01/21","16:41:11","","Starting runtime..."
"Information","main","03/01/21","16:41:12","","Starting client..."
"Information","main","03/01/21","16:41:12","","Starting archive..."
"Information","main","03/01/21","16:41:12","","Starting CloudConfig..."
"Information","main","03/01/21","16:41:12","","Starting VendorCredential..."
"Information","main","03/01/21","16:41:12","","Starting rest..."
"Information","main","03/01/21","16:41:12","","Starting registry..."
"Information","main","03/01/21","16:41:12","","Package adminapi started..."
"Information","main","03/01/21","16:41:12","","Package administrator started..."
"Information","main","03/01/21","16:41:12","","redissessionstorage package will not be deployed as it is not installed."
"Information","main","03/01/21","16:41:12","","debugger package will not be deployed as it is not installed."
"Information","main","03/01/21","16:41:12","","zip package will not be deployed as it is not installed."
"Information","main","03/01/21","16:41:12","","image package will not be deployed as it is not installed."
"Information","main","03/01/21","16:41:12","","caching package will not be deployed as it is not installed."
"Information","main","03/01/21","16:41:12","","cfmongodb package will not be deployed as it is not installed."
"Information","main","03/01/21","16:41:12","","mail package will not be deployed as it is not installed."
"Information","main","03/01/21","16:41:12","","spreadsheet package will not be deployed as it is not installed."
"Information","main","03/01/21","16:41:12","","axis package will not be deployed as it is not installed."
"Information","main","03/01/21","16:41:12","","chart package will not be deployed as it is not installed."
"Information","main","03/01/21","16:41:12","","feed package will not be deployed as it is not installed."
"Information","main","03/01/21","16:41:12","","print package will not be deployed as it is not installed."
"Information","main","03/01/21","16:41:12","","search package will not be deployed as it is not installed."
"Information","main","03/01/21","16:41:12","","document package will not be deployed as it is not installed."
"Information","main","03/01/21","16:41:12","","presentation package will not be deployed as it is not installed."
"Information","main","03/01/21","16:41:12","","eventgateways package will not be deployed as it is not installed."
"Information","main","03/01/21","16:41:12","","dotnet package will not be deployed as it is not installed."
"Information","main","03/01/21","16:41:12","","pmtagent package will not be deployed as it is not installed."
"Information","main","03/01/21","16:41:12","","htmltopdf package will not be deployed as it is not installed."
"Information","main","03/01/21","16:41:12","","awslambda package will not be deployed as it is not installed."
"Information","main","03/01/21","16:41:12","","com package will not be deployed as it is not installed."
"Information","main","03/01/21","16:41:12","","saml package will not be deployed as it is not installed."
"Information","main","03/01/21","16:41:12","","awss3 package will not be deployed as it is not installed."
"Information","main","03/01/21","16:41:12","","awss3legacy package will not be deployed as it is not installed."
"Information","main","03/01/21","16:41:12","","azureblob package will not be deployed as it is not installed."
"Information","main","03/01/21","16:41:12","","pdf package will not be deployed as it is not installed."
"Information","main","03/01/21","16:41:12","","websocket package will not be deployed as it is not installed."
"Information","main","03/01/21","16:41:12","","orm package will not be deployed as it is not installed."
"Information","main","03/01/21","16:41:12","","ormsearch package will not be deployed as it is not installed."
"Information","main","03/01/21","16:41:12","","ajax package will not be deployed as it is not installed."
"Information","main","03/01/21","16:41:12","","derby package will not be deployed as it is not installed."
"Information","main","03/01/21","16:41:12","","oracle package will not be deployed as it is not installed."
"Information","main","03/01/21","16:41:12","","mysql package will not be deployed as it is not installed."
"Information","main","03/01/21","16:41:12","","db2 package will not be deployed as it is not installed."
"Information","main","03/01/21","16:41:12","","sybase package will not be deployed as it is not installed."
"Information","main","03/01/21","16:41:12","","postgresql package will not be deployed as it is not installed."
"Information","main","03/01/21","16:41:12","","sqlserver package will not be deployed as it is not installed."
"Information","main","03/01/21","16:41:12","","odbc package will not be deployed as it is not installed."
"Information","main","03/01/21","16:41:12","","scheduler package will not be deployed as it is not installed."
"Information","main","03/01/21","16:41:12","","ftp package will not be deployed as it is not installed."
"Information","main","03/01/21","16:41:12","","awssqs package will not be deployed as it is not installed."
"Information","main","03/01/21","16:41:12","","awssns package will not be deployed as it is not installed."
"Information","main","03/01/21","16:41:12","","azureservicebus package will not be deployed as it is not installed."
"Information","main","03/01/21","16:41:12","","awsdynamodb package will not be deployed as it is not installed."
"Information","main","03/01/21","16:41:12","","report package will not be deployed as it is not installed."
"Information","main","03/01/21","16:41:12","","exchange package will not be deployed as it is not installed."
"Information","main","03/01/21","16:41:12","","sharepoint package will not be deployed as it is not installed."
"Information","main","03/01/21","16:41:12","","ColdFusion started"
"Information","main","03/01/21","16:41:12","","ColdFusion: application services are now available"
"Information","Thread-10","03/01/21","19:36:19","","ColdFusion stopped"
"Information","main","03/01/21","19:36:31","","Starting logging..."
"Information","main","03/01/21","19:36:31","","Starting license..."
"Information","main","03/01/21","19:36:32","","Developer Edition enabled"
"Information","main","03/01/21","19:36:32","","Starting crypto..."
"Information","main","03/01/21","19:36:33","","Installed JSafe JCE provider: Version 6.21 Crypto-J 6.2.1, EMC Corporation. JsafeJCE Security Provider (implements RSA, DSA, ECDSA, Diffie-Hellman, ECDH, AES, DES, Triple DES, DESX, RC2, RC4, RC5, PBE, MD2, MD5, RIPEMD160, SHA1, SHA224, SHA256, SHA384, SHA512, HMAC-MD5, HMAC-RIPEMD160, HMAC-SHA1, HMAC-SHA224, HMAC-SHA256, HMAC-SHA384, HMAC-SHA512, HMACDRBG, HASHDRBG, CTRDRBG, FIPS186PRNG, SHA1PRNG, MD5PRNG; RFC 3394, RFC 5649 AES Key Wrap; X.509 CertificateFactory; PKCS12, PKCS15 KeyStore; X.509V1, PKIX, PKIX-SuiteB, PKIX-SuiteBTLS CertPathValidators; X.509V1, PKIX, PKIX-SuiteB, PKIX-SuiteBTLS CertPathBuilders; LDAP, Collection CertStores)"
"Information","main","03/01/21","19:36:33","","Starting security..."
"Information","main","03/01/21","19:36:33","","Starting scheduler..."
"Information","main","03/01/21","19:36:33","","Starting WatchService..."
"Information","main","03/01/21","19:36:33","","Starting sql..."
"Information","main","03/01/21","19:36:33","","Starting runtime..."
"Information","main","03/01/21","19:36:34","","Starting client..."
"Information","main","03/01/21","19:36:34","","Starting archive..."
"Information","main","03/01/21","19:36:34","","Starting CloudConfig..."
"Information","main","03/01/21","19:36:34","","Starting VendorCredential..."
"Information","main","03/01/21","19:36:34","","Starting rest..."
"Information","main","03/01/21","19:36:34","","Starting registry..."
"Information","main","03/01/21","19:36:34","","Package adminapi started..."
"Information","main","03/01/21","19:36:34","","Package administrator started..."
"Information","main","03/01/21","19:36:34","","redissessionstorage package will not be deployed as it is not installed."
"Information","main","03/01/21","19:36:34","","debugger package will not be deployed as it is not installed."
"Information","main","03/01/21","19:36:34","","zip package will not be deployed as it is not installed."
"Information","main","03/01/21","19:36:34","","image package will not be deployed as it is not installed."
"Information","main","03/01/21","19:36:34","","caching package will not be deployed as it is not installed."
"Information","main","03/01/21","19:36:34","","cfmongodb package will not be deployed as it is not installed."
"Information","main","03/01/21","19:36:34","","mail package will not be deployed as it is not installed."
"Information","main","03/01/21","19:36:34","","spreadsheet package will not be deployed as it is not installed."
"Information","main","03/01/21","19:36:34","","axis package will not be deployed as it is not installed."
"Information","main","03/01/21","19:36:34","","chart package will not be deployed as it is not installed."
"Information","main","03/01/21","19:36:34","","feed package will not be deployed as it is not installed."
"Information","main","03/01/21","19:36:34","","print package will not be deployed as it is not installed."
"Information","main","03/01/21","19:36:34","","search package will not be deployed as it is not installed."
"Information","main","03/01/21","19:36:34","","document package will not be deployed as it is not installed."
"Information","main","03/01/21","19:36:34","","presentation package will not be deployed as it is not installed."
"Information","main","03/01/21","19:36:34","","eventgateways package will not be deployed as it is not installed."
"Information","main","03/01/21","19:36:34","","dotnet package will not be deployed as it is not installed."
"Information","main","03/01/21","19:36:34","","pmtagent package will not be deployed as it is not installed."
"Information","main","03/01/21","19:36:34","","htmltopdf package will not be deployed as it is not installed."
"Information","main","03/01/21","19:36:34","","awslambda package will not be deployed as it is not installed."
"Information","main","03/01/21","19:36:34","","com package will not be deployed as it is not installed."
"Information","main","03/01/21","19:36:34","","saml package will not be deployed as it is not installed."
"Information","main","03/01/21","19:36:34","","awss3 package will not be deployed as it is not installed."
"Information","main","03/01/21","19:36:34","","awss3legacy package will not be deployed as it is not installed."
"Information","main","03/01/21","19:36:34","","azureblob package will not be deployed as it is not installed."
"Information","main","03/01/21","19:36:34","","pdf package will not be deployed as it is not installed."
"Information","main","03/01/21","19:36:34","","websocket package will not be deployed as it is not installed."
"Information","main","03/01/21","19:36:34","","orm package will not be deployed as it is not installed."
"Information","main","03/01/21","19:36:34","","ormsearch package will not be deployed as it is not installed."
"Information","main","03/01/21","19:36:34","","ajax package will not be deployed as it is not installed."
"Information","main","03/01/21","19:36:34","","derby package will not be deployed as it is not installed."
"Information","main","03/01/21","19:36:34","","oracle package will not be deployed as it is not installed."
"Information","main","03/01/21","19:36:34","","mysql package will not be deployed as it is not installed."
"Information","main","03/01/21","19:36:34","","db2 package will not be deployed as it is not installed."
"Information","main","03/01/21","19:36:34","","sybase package will not be deployed as it is not installed."
"Information","main","03/01/21","19:36:34","","postgresql package will not be deployed as it is not installed."
"Information","main","03/01/21","19:36:34","","sqlserver package will not be deployed as it is not installed."
"Information","main","03/01/21","19:36:34","","odbc package will not be deployed as it is not installed."
"Information","main","03/01/21","19:36:34","","scheduler package will not be deployed as it is not installed."
"Information","main","03/01/21","19:36:34","","ftp package will not be deployed as it is not installed."
"Information","main","03/01/21","19:36:34","","awssqs package will not be deployed as it is not installed."
"Information","main","03/01/21","19:36:34","","awssns package will not be deployed as it is not installed."
"Information","main","03/01/21","19:36:34","","azureservicebus package will not be deployed as it is not installed."
"Information","main","03/01/21","19:36:34","","awsdynamodb package will not be deployed as it is not installed."
"Information","main","03/01/21","19:36:34","","report package will not be deployed as it is not installed."
"Information","main","03/01/21","19:36:34","","exchange package will not be deployed as it is not installed."
"Information","main","03/01/21","19:36:34","","sharepoint package will not be deployed as it is not installed."
"Information","main","03/01/21","19:36:34","","ColdFusion started"
"Information","main","03/01/21","19:36:34","","ColdFusion: application services are now available"
